<?xml version="1.0" encoding="UTF-8"?>
<!-- Generated by org.testng.reporters.JUnitReportReporter -->
<testsuite hostname="Balamanikandan" failures="0" tests="4" name="test.Sample" time="0.022" errors="0" timestamp="2024-02-03T19:16:53 IST" skipped="0">
  <testcase classname="test.Sample" name="startthecar" time="0.018"/>
  <system-out/>
  <testcase classname="test.Sample" name="putfirstgear" time="0.001"/>
  <system-out/>
  <testcase classname="test.Sample" name="putsecondgear" time="0.002"/>
  <system-out/>
  <testcase classname="test.Sample" name="putthirdgear" time="0.001"/>
  <system-out/>
</testsuite> <!-- test.Sample -->
